e:\programing\fhwa\fhwa project\drivermodel_dll\temp\release\drivermodel\drivermodel.pdb
e:\programing\fhwa\fhwa project\drivermodel_dll\temp\release\drivermodel\drivermodel.obj
e:\programing\fhwa\fhwa project\drivermodel_dll\temp\release\drivermodel\drivermodel
e:\programing\fhwa\fhwa project\drivermodel_dll_av2\temp\release\drivermodel\drivermodel.pdb
e:\programing\fhwa\fhwa project\drivermodel_dll_av2\temp\release\drivermodel\drivermodel.obj
e:\programing\fhwa\fhwa project\drivermodel_dll_av2\temp\release\drivermodel\drivermodel
e:\programing\fhwa\fhwa project\drivermodel_dll_av3\temp\release\drivermodel\drivermodel.pdb
e:\programing\fhwa\fhwa project\drivermodel_dll_av3\temp\release\drivermodel\drivermodel.obj
e:\programing\fhwa\fhwa project\drivermodel_dll_av3\temp\release\drivermodel\drivermodel
e:\programing\fhwa\fhwa project\drivermodel_dll_av4\temp\release\drivermodel\drivermodel.pdb
e:\programing\fhwa\fhwa project\drivermodel_dll_av4\temp\release\drivermodel\drivermodel.obj
e:\programing\fhwa\fhwa project\drivermodel_dll_av4\temp\release\drivermodel\drivermodel
e:\programing\fhwa\fhwa project\drivermodel_dll_av5\temp\release\drivermodel\drivermodel.pdb
e:\programing\fhwa\fhwa project\drivermodel_dll_av5\temp\release\drivermodel\drivermodel.obj
e:\programing\fhwa\fhwa project\drivermodel_dll_av5\temp\release\drivermodel\drivermodel
e:\fhwa\drivermodel_dll\lib\release\drivermodel.lib
e:\fhwa\drivermodel_dll\lib\release\drivermodel.exp
e:\fhwa\fhwa project\drivermodel_dll\lib\release\drivermodel.lib
e:\fhwa\fhwa project\drivermodel_dll\lib\release\drivermodel.exp
e:\programing\fhwa\fhwa project\drivermodel_dll\lib\release\drivermodel.lib
e:\programing\fhwa\fhwa project\drivermodel_dll\lib\release\drivermodel.exp
e:\programing\fhwa\fhwa project\drivermodel_dll\x64\release\drivermodel.dll
e:\programing\fhwa\fhwa project\drivermodel_dll\release\drivermodel.pdb
e:\programing\fhwa\fhwa project\drivermodel_dll_av2\x64\release\drivermodel.dll
e:\programing\fhwa\fhwa project\drivermodel_dll_av2\release\drivermodel.pdb
e:\programing\fhwa\fhwa project\drivermodel_dll_av2\lib\release\drivermodel.lib
e:\programing\fhwa\fhwa project\drivermodel_dll_av2\lib\release\drivermodel.exp
e:\programing\fhwa\fhwa project\drivermodel_dll_av3\x64\release\drivermodel.dll
e:\programing\fhwa\fhwa project\drivermodel_dll_av3\release\drivermodel.pdb
e:\programing\fhwa\fhwa project\drivermodel_dll_av3\lib\release\drivermodel.lib
e:\programing\fhwa\fhwa project\drivermodel_dll_av3\lib\release\drivermodel.exp
e:\programing\fhwa\fhwa project\drivermodel_dll_av4\x64\release\drivermodel.dll
e:\programing\fhwa\fhwa project\drivermodel_dll_av4\release\drivermodel.pdb
e:\programing\fhwa\fhwa project\drivermodel_dll_av4\lib\release\drivermodel.lib
e:\programing\fhwa\fhwa project\drivermodel_dll_av4\lib\release\drivermodel.exp
e:\programing\fhwa\fhwa project\drivermodel_dll_av5\lib\release\drivermodel.lib
e:\programing\fhwa\fhwa project\drivermodel_dll_av5\lib\release\drivermodel.exp
e:\programing\fhwa\fhwa project\drivermodel_dll_av5\x64\release\drivermodel.dll
e:\programing\fhwa\fhwa project\drivermodel_dll_av5\release\drivermodel.pdb
e:\programing\fhwa\fhwa project\drivermodel_dll_av5\x64\release\drivermodel.tlog\cl.command.1.tlog
e:\programing\fhwa\fhwa project\drivermodel_dll_av5\x64\release\drivermodel.tlog\cl.read.1.tlog
e:\programing\fhwa\fhwa project\drivermodel_dll_av5\x64\release\drivermodel.tlog\cl.write.1.tlog
e:\programing\fhwa\fhwa project\drivermodel_dll_av5\x64\release\drivermodel.tlog\link.command.1.tlog
e:\programing\fhwa\fhwa project\drivermodel_dll_av5\x64\release\drivermodel.tlog\link.read.1.tlog
e:\programing\fhwa\fhwa project\drivermodel_dll_av5\x64\release\drivermodel.tlog\link.write.1.tlog
e:\programing\fhwa\fhwa project\drivermodel_dll_av5\x64\release\drivermodel.tlog\link.write.2u.tlog
